<?xml version="1.0" encoding="UTF-8"?>
<!-- Generated by org.testng.reporters.JUnitReportReporter -->
<testsuite hostname="asd1552po01976" name="TestAutomation.check" tests="8" failures="0" timestamp="5 Jul 2016 11:27:45 GMT" time="37.654" errors="0">
  <testcase name="verifyClonedNumberOfFiles" time="1.881" classname="TestAutomation.check"/>
  <testcase name="verifyCloning" time="3.006" classname="TestAutomation.check"/>
  <testcase name="verifyNewRepositoryButtonIsClickable" time="1.482" classname="TestAutomation.check"/>
  <testcase name="verifyCreateRepository" time="6.430" classname="TestAutomation.check"/>
  <testcase name="verifyLoginPage" time="1.039" classname="TestAutomation.check"/>
  <testcase name="verifyLogin" time="5.074" classname="TestAutomation.check"/>
  <testcase name="verifyUpdateREADMEFile" time="11.632" classname="TestAutomation.check"/>
  <testcase name="verifyPullData" time="7.110" classname="TestAutomation.check"/>
</testsuite> <!-- TestAutomation.check -->
