<?xml version="1.0" encoding="UTF-8"?>
<!-- Generated by org.testng.reporters.JUnitReportReporter -->
<testsuite hostname="asd1552po01976" name="testDetails" tests="2" failures="0" timestamp="23 Jun 2016 08:31:09 GMT" time="0.009" errors="0">
  <testcase name="check_detaills" time="0.006" classname="testDetails"/>
  <testcase name="check_details" time="0.003" classname="testDetails"/>
</testsuite> <!-- testDetails -->
