<?xml version="1.0" encoding="UTF-8"?>
<!-- Generated by org.testng.reporters.JUnitReportReporter -->
<testsuite hostname="asd1552po01976" name="NewTest" tests="1" failures="0" timestamp="5 Jul 2016 12:50:43 GMT" time="0.005" errors="0">
  <testcase name="f" time="0.005" classname="NewTest"/>
</testsuite> <!-- NewTest -->
