<?xml version="1.0" encoding="UTF-8"?>
<!-- Generated by org.testng.reporters.JUnitReportReporter -->
<testsuite hostname="asd1552po01976" name="cc" tests="3" failures="0" timestamp="24 Jun 2016 07:20:38 GMT" time="0.012" errors="0">
  <testcase name="setData" time="0.008" classname="cc"/>
  <testcase name="setData" time="0.002" classname="cc"/>
  <testcase name="setData" time="0.002" classname="cc"/>
</testsuite> <!-- cc -->
